2020-10-28==>
2.	Over 80% of Covid-19 patients in a hospital study have Vitamin D deficiency
4.	A Guy Walks into an Apple Store
7.	Apple’s A14 Packs 134M Transistors/mm²
3.	Facebook has sent a cease-and-desist letter to researchers
8.	Abusing Teams client protocol to bypass Teams security policies
9.	Evolving Reddit’s Workforce
5.	Next.js 10
6.	Sketch: Proud to Build a Truly Native Mac App
0.	RIAA’s YouTube-dl takedown ticks off developers and GitHub’s CEO2020-10-28==>
1.	Google's new logos are bad
4.	A Guy Walks into an Apple Store
5.	Next.js 10
0.	RIAA’s YouTube-dl takedown ticks off developers and GitHub’s CEO
8.	Abusing Teams client protocol to bypass Teams security policies
6.	Sketch: Proud to Build a Truly Native Mac App
7.	Apple’s A14 Packs 134M Transistors/mm²
2.	Over 80% of Covid-19 patients in a hospital study have Vitamin D deficiency
9.	Evolving Reddit’s Workforce
3.	Facebook has sent a cease-and-desist letter to researchers2020-10-28==>
9.	Evolving Reddit’s Workforce
8.	Abusing Teams client protocol to bypass Teams security policies
1.	Google's new logos are bad
2.	Over 80% of Covid-19 patients in a hospital study have Vitamin D deficiency
7.	Apple’s A14 Packs 134M Transistors/mm²
6.	Next.js 10
3.	Facebook has sent a cease-and-desist letter to researchers
5.	Sketch: Proud to Build a Truly Native Mac App
4.	A Guy Walks into an Apple Store
0.	RIAA’s YouTube-dl takedown ticks off developers and GitHub’s CEO2020-10-28==>
2.	Over 80% of Covid-19 patients in a hospital study have Vitamin D deficiency
1.	Google's new logos are bad
5.	Sketch: Proud to Build a Truly Native Mac App
9.	Evolving Reddit’s Workforce
6.	Next.js 10
8.	Abusing Teams client protocol to bypass Teams security policies
7.	Apple’s A14 Packs 134M Transistors/mm²
4.	A Guy Walks into an Apple Store
3.	Facebook has sent a cease-and-desist letter to researchers
0.	RIAA’s YouTube-dl takedown ticks off developers and GitHub’s CEO