2020-10-30_07_28==>
0.  My Resignation from the Intercept
1.  The Remarkable Number 1/89 (2004)
2.  Grubhub sued for listing restaurants without permission
3.  Ruby on Rails in a week
4.  The Laptev Sea hasn't frozen
5.  Amazon Argues Users Don't Own Purchased Prime Video Content
6.  MDN Web Docs evolves: Lowdown on the upcoming new platform
7.  A Little Money Laundering Can Have a Big Impact on Real Estate Prices (2019)
8.  RIAA Obtains Subpoenas Targeting 40 YouTube-Ripping Platforms and Pirate Sites
9.  Vim-Mario: Mario on Vim2020-10-30_07_28==>
0.  My Resignation from the Intercept
1.  The Remarkable Number 1/89 (2004)
2.  Grubhub sued for listing restaurants without permission
3.  Ruby on Rails in a week
4.  The Laptev Sea hasn't frozen
5.  Amazon Argues Users Don't Own Purchased Prime Video Content
6.  MDN Web Docs evolves: Lowdown on the upcoming new platform
7.  A Little Money Laundering Can Have a Big Impact on Real Estate Prices (2019)
8.  RIAA Obtains Subpoenas Targeting 40 YouTube-Ripping Platforms and Pirate Sites
9.  Vim-Mario: Mario on Vim