2020-10-30_07_17==>
0.  My Resignation from the Intercept
1.  The Remarkable Number 1/89 (2004)
2.  Grubhub sued for listing restaurants without permission
3.  The Laptev Sea hasn't frozen
4.  Amazon Argues Users Don't Own Purchased Prime Video Content
5.  MDN Web Docs evolves: Lowdown on the upcoming new platform
6.  A Little Money Laundering Can Have a Big Impact on Real Estate Prices (2019)
7.  RIAA Obtains Subpoenas Targeting 40 YouTube-Ripping Platforms and Pirate Sites
8.  Vim-Mario: Mario on Vim
9.  Show HN: Tara – A free Jira alternative, now with Gitlab2020-10-30_07_17==>
0.  My Resignation from the Intercept
1.  The Remarkable Number 1/89 (2004)
2.  Grubhub sued for listing restaurants without permission
3.  The Laptev Sea hasn't frozen
4.  Amazon Argues Users Don't Own Purchased Prime Video Content
5.  MDN Web Docs evolves: Lowdown on the upcoming new platform
6.  A Little Money Laundering Can Have a Big Impact on Real Estate Prices (2019)
7.  RIAA Obtains Subpoenas Targeting 40 YouTube-Ripping Platforms and Pirate Sites
8.  Vim-Mario: Mario on Vim
9.  Show HN: Tara – A free Jira alternative, now with Gitlab