2020-10-30_09_10==>
0.  My Resignation from the Intercept
1.  Show HN: What would mechanical programming look like?
2.  Ruby on Rails in a week
3.  The Laptev Sea hasn't frozen
4.  The Remarkable Number 1/89 (2004)
5.  Grubhub sued for listing restaurants without permission
6.  MDN Web Docs evolves: Lowdown on the upcoming new platform
7.  A Little Money Laundering Can Have a Big Impact on Real Estate Prices (2019)
8.  RIAA Obtains Subpoenas Targeting 40 YouTube-Ripping Platforms and Pirate Sites
9.  Show HN: Tara – A free Jira alternative, now with Gitlab2020-10-30_09_10==>
0.  My Resignation from the Intercept
1.  Show HN: What would mechanical programming look like?
2.  Ruby on Rails in a week
3.  The Laptev Sea hasn't frozen
4.  The Remarkable Number 1/89 (2004)
5.  Grubhub sued for listing restaurants without permission
6.  MDN Web Docs evolves: Lowdown on the upcoming new platform
7.  A Little Money Laundering Can Have a Big Impact on Real Estate Prices (2019)
8.  RIAA Obtains Subpoenas Targeting 40 YouTube-Ripping Platforms and Pirate Sites
9.  Show HN: Tara – A free Jira alternative, now with Gitlab