2020-10-29_09_50==>
0.	Wikimedia is moving to Gitlab
1.	Woman allegedly impersonated prosecutor, dropped charges against herself
2.	Spy agency ducks questions about 'back doors' in tech products
3.	AMD Reveals the Radeon RX 6000 Series, Coming November 18th
4.	That company whose name used to contain HTML script tags Ltd
5.	On Abandoning the X Server
6.	Stripe Climate
7.	Graphical User Interface Using Flutter in Embedded Systems [pdf]
8.	Dr. Leonid Rogozov operating himself to remove his appendix in Antarctica, 1961
9.	If Not SPAs, What?2020-10-29_09_50==>
0.	Wikimedia is moving to Gitlab
1.	Woman allegedly impersonated prosecutor, dropped charges against herself
2.	Spy agency ducks questions about 'back doors' in tech products
3.	AMD Reveals the Radeon RX 6000 Series, Coming November 18th
4.	That company whose name used to contain HTML script tags Ltd
5.	On Abandoning the X Server
6.	Stripe Climate
7.	Graphical User Interface Using Flutter in Embedded Systems [pdf]
8.	Dr. Leonid Rogozov operating himself to remove his appendix in Antarctica, 1961
9.	If Not SPAs, What?