2020-10-30_07_44==>
0.  My Resignation from the Intercept
1.  Show HN: What would mechanical programming look like?
2.  The Remarkable Number 1/89 (2004)
3.  Grubhub sued for listing restaurants without permission
4.  Ruby on Rails in a week
5.  The Laptev Sea hasn't frozen
6.  Amazon Argues Users Don't Own Purchased Prime Video Content
7.  MDN Web Docs evolves: Lowdown on the upcoming new platform
8.  A Little Money Laundering Can Have a Big Impact on Real Estate Prices (2019)
9.  RIAA Obtains Subpoenas Targeting 40 YouTube-Ripping Platforms and Pirate Sites2020-10-30_07_44==>
0.  My Resignation from the Intercept
1.  Show HN: What would mechanical programming look like?
2.  The Remarkable Number 1/89 (2004)
3.  Grubhub sued for listing restaurants without permission
4.  Ruby on Rails in a week
5.  The Laptev Sea hasn't frozen
6.  Amazon Argues Users Don't Own Purchased Prime Video Content
7.  MDN Web Docs evolves: Lowdown on the upcoming new platform
8.  A Little Money Laundering Can Have a Big Impact on Real Estate Prices (2019)
9.  RIAA Obtains Subpoenas Targeting 40 YouTube-Ripping Platforms and Pirate Sites